<?xml version="1.0" encoding="UTF-8"?>
<!-- Generated by org.testng.reporters.JUnitReportReporter -->
<testsuite name="org.testing.TestScripts.GetRequestWithAllData" tests="1" time="1.092" ignored="0" failures="0" timestamp="29 Aug 2020 18:41:33 GMT" skipped="0" hostname="DESKTOP-NP9VC03" errors="0">
  <testcase name="TestCase3" time="1.092" classname="org.testing.TestScripts.GetRequestWithAllData"/>
</testsuite> <!-- org.testing.TestScripts.GetRequestWithAllData -->
