<?xml version="1.0" encoding="UTF-8"?>
<!-- Generated by org.testng.reporters.JUnitReportReporter -->
<testsuite name="org.testing.TestScripts.DeleteRequestTestCase" tests="1" time="0.029" ignored="0" failures="0" timestamp="29 Aug 2020 17:49:49 GMT" skipped="0" hostname="DESKTOP-NP9VC03" errors="0">
  <testcase name="TestCase5" time="0.029" classname="org.testing.TestScripts.DeleteRequestTestCase"/>
</testsuite> <!-- org.testing.TestScripts.DeleteRequestTestCase -->
