<?xml version="1.0" encoding="UTF-8"?>
<!-- Generated by org.testng.reporters.JUnitReportReporter -->
<testsuite name="org.testing.TestScripts.GetRequest" tests="1" time="0.336" ignored="0" failures="0" timestamp="29 Aug 2020 18:41:33 GMT" skipped="0" hostname="DESKTOP-NP9VC03" errors="0">
  <testcase name="TestCase2" time="0.336" classname="org.testing.TestScripts.GetRequest"/>
</testsuite> <!-- org.testing.TestScripts.GetRequest -->
