<?xml version="1.0" encoding="UTF-8"?>
<!-- Generated by org.testng.reporters.JUnitReportReporter -->
<testsuite name="org.testing.TestScripts.TC8" tests="1" time="0.009" ignored="0" failures="0" timestamp="29 Aug 2020 18:41:33 GMT" skipped="0" hostname="DESKTOP-NP9VC03" errors="0">
  <testcase name="TestCase8" time="0.009" classname="org.testing.TestScripts.TC8"/>
</testsuite> <!-- org.testing.TestScripts.TC8 -->
